Base path: C:/Program Files (x86)/Unity/Editor/Data
Pipe name: \\.\pipe\UnityShaderCompiler-4-7568
Cmd: getPlatforms
Cmd: compileSnippet
  api=0 type=1 insize=956 outsize=143 kw= ok=1
Cmd: compileSnippet
  api=1 type=1 insize=1322 outsize=462 kw= ok=1
Cmd: compileSnippet
  api=8 type=1 insize=1274 outsize=1633 kw= ok=1
Cmd: compileSnippet
  api=8 type=1 insize=1260 outsize=1609 kw= ok=1
Cmd: compileSnippet
  api=8 type=1 insize=1282 outsize=1682 kw= ok=1
Cmd: compileSnippet
  api=0 type=1 insize=1222 outsize=365 kw= ok=1
Cmd: compileSnippet
  api=0 type=1 insize=1218 outsize=365 kw= ok=1
Cmd: compileSnippet
  api=1 type=0 insize=1333 outsize=186 kw= ok=1
Cmd: compileSnippet
  api=1 type=1 insize=1333 outsize=236 kw= ok=1
Cmd: compileSnippet
  api=0 type=1 insize=942 outsize=143 kw= ok=1
Cmd: compileSnippet
  api=0 type=1 insize=1041 outsize=299 kw= ok=1
Unhandled exception: Readfile from pipe failed. GLE=Ha terminado la canalización.


Quitting shader compiler process
