Base path: C:/Program Files (x86)/Unity/Editor/Data
Pipe name: \\.\pipe\UnityShaderCompiler-5-6596
Cmd: getPlatforms
Cmd: compileSnippet
  api=1 type=1 insize=956 outsize=81 kw= ok=1
Cmd: compileSnippet
  api=8 type=0 insize=1203 outsize=1950 kw= ok=1
Cmd: compileSnippet
  api=8 type=1 insize=1203 outsize=1690 kw= ok=1
Cmd: compileSnippet
  api=8 type=0 insize=1322 outsize=1950 kw= ok=1
Cmd: compileSnippet
  api=1 type=0 insize=1274 outsize=186 kw= ok=1
Cmd: compileSnippet
  api=1 type=0 insize=1282 outsize=186 kw= ok=1
Cmd: compileSnippet
  api=1 type=1 insize=1222 outsize=246 kw= ok=1
Cmd: compileSnippet
  api=8 type=1 insize=1277 outsize=1593 kw= ok=1
Cmd: compileSnippet
  api=0 type=1 insize=1333 outsize=328 kw= ok=1
Cmd: compileSnippet
  api=1 type=0 insize=1051 outsize=158 kw= ok=1
Cmd: compileSnippet
  api=0 type=0 insize=1041 outsize=397 kw= ok=1
Unhandled exception: Readfile from pipe failed. GLE=Ha terminado la canalización.


Quitting shader compiler process
